Building my-frontends
Step 1/8 : FROM node:18
 ---> 1d2e96403c7a
Step 2/8 : WORKDIR /usr/src/app
 ---> Using cache
 ---> 95bb215157bb
Step 3/8 : COPY  package*.json  ./
 ---> Using cache
 ---> ef6c600d7126
Step 4/8 : RUN npm install
 ---> Using cache
 ---> 516b6a7c51fa
Step 5/8 : COPY .   .
 ---> aaa08b137ade
Step 6/8 : ENV PORT=8888
 ---> Running in 340201ba1687
Removing intermediate container 340201ba1687
 ---> 7c384fa7a169
Step 7/8 : EXPOSE 8888
 ---> Running in 70f6e2514b33
Removing intermediate container 70f6e2514b33
 ---> a65567d27a6d
Step 8/8 : CMD [ "npm", "start" ]
 ---> Running in 3c3a7bd9795d
Removing intermediate container 3c3a7bd9795d
 ---> ede9181141d4

Successfully built ede9181141d4
Successfully tagged frontends-angular_my-frontends:latest
Creating my-frontends ... 
[1A[2KCreating my-frontends ... [32mdone[0m[1BAttaching to my-frontends
[36mmy-frontends    |[0m 
[36mmy-frontends    |[0m > basic-ng-node@1.0.0 start
[36mmy-frontends    |[0m > node server.js
[36mmy-frontends    |[0m 
[36mmy-frontends    |[0m http://localhost:8888
Killing my-frontends  ... 

ERROR: for my-frontends  ('Connection aborted.', ConnectionResetError(104, 'Connection reset by peer'))
Couldn't connect to Docker daemon at http+docker://localhost - is it running?

If it's at a non-standard location, specify the URL with the DOCKER_HOST environment variable.
Gracefully stopping... (press Ctrl+C again to force)
