Building qcm-api
Step 1/10 : FROM node:16
16: Pulling from library/node
Digest: sha256:241f152c0dc9d3efcbd6a4426f52dc50fa78f3a63cff55b2419dc2bf48efe705
Status: Image is up to date for node:16
 ---> 60f45cb5cd45
Step 2/10 : WORKDIR /usr/src/app
 ---> Running in 49b0c27d9692
Removing intermediate container 49b0c27d9692
 ---> 332e8b709c9a
Step 3/10 : COPY  package*.json  ./
 ---> 63e47be8526d
Step 4/10 : RUN npm install pm2 -g
 ---> Running in a75d2883ce88
[91mnpm WARN deprecated uuid@3.4.0: Please upgrade  to version 7 or higher.  Older versions may use Math.random() in certain circumstances, which is known to be problematic.  See https://v8.dev/blog/math-random for details.
[0m
added 184 packages, and audited 185 packages in 28s

12 packages are looking for funding
  run `npm fund` for details

found 0 vulnerabilities
[91mnpm notice 
npm notice New major version of npm available! 8.19.4 -> 9.6.5
npm notice Changelog: <https://github.com/npm/cli/releases/tag/v9.6.5>
npm notice Run `npm install -g npm@9.6.5` to update!
npm notice 
[0mRemoving intermediate container a75d2883ce88
 ---> b33fefb208e4
Step 5/10 : RUN npm install
 ---> Running in a0bf2969b8e2

added 162 packages, and audited 163 packages in 19s

12 packages are looking for funding
  run `npm fund` for details

found 0 vulnerabilities
Removing intermediate container a0bf2969b8e2
 ---> f7e13d6460d4
Step 6/10 : COPY .   .
 ---> 17bfea580d72
Step 7/10 : ENV PORT=8230
 ---> Running in f0a346404b9b
Removing intermediate container f0a346404b9b
 ---> 4de68a267fe6
Step 8/10 : ENV MONGODB_URL=mongodb://root:root@mongoDB.host:27017
 ---> Running in e28a4d0eccd1
Removing intermediate container e28a4d0eccd1
 ---> 6cf671a1d536
Step 9/10 : EXPOSE 8230
 ---> Running in 9b9327bf107d
Removing intermediate container 9b9327bf107d
 ---> 2a79f060ef14
Step 10/10 : CMD [ "pm2-runtime", "server.js" ]
 ---> Running in 60c12de98d14
Removing intermediate container 60c12de98d14
 ---> 7b5d0caa89d5

Successfully built 7b5d0caa89d5
Successfully tagged backend-qcm_qcm-api:latest
Creating backend-qcm-api ... 
[1A[2KCreating backend-qcm-api ... [32mdone[0m[1BAttaching to backend-qcm-api
[36mbackend-qcm-api |[0m 2023-05-03T08:11:55: PM2 log: Launching in no daemon mode
[36mbackend-qcm-api |[0m 2023-05-03T08:11:55: PM2 log: App [server:0] starting in -fork mode-
[36mbackend-qcm-api |[0m 2023-05-03T08:11:55: PM2 log: App [server:0] online
[36mbackend-qcm-api |[0m mongoDbUrl=mongodb://root:root@mongoDB.host:27017
[36mbackend-qcm-api |[0m (node:17) [MONGOOSE] DeprecationWarning: Mongoose: the `strictQuery` option will be switched back to `false` by default in Mongoose 7. Use `mongoose.set('strictQuery', false);` if you want to prepare for this change. Or use `mongoose.set('strictQuery', true);` to suppress this warning.
[36mbackend-qcm-api |[0m (Use `node --trace-deprecation ...` to show where the warning was created)
[36mbackend-qcm-api |[0m http://localhost:8230
[36mbackend-qcm-api |[0m Connected correctly to mongodb database
Stopping backend-qcm-api ... 

ERROR: for backend-qcm-api  ('Connection aborted.', ConnectionResetError(104, 'Connection reset by peer'))
Couldn't connect to Docker daemon at http+docker://localhost - is it running?

If it's at a non-standard location, specify the URL with the DOCKER_HOST environment variable.
Gracefully stopping... (press Ctrl+C again to force)
